2023-10-05 01:08:49.406 [INFO ] [main] RegistrarDocumentoApplicationTests - Starting RegistrarDocumentoApplicationTests using Java 1.8.0_382 on DESKTOP-PJCFH9T with PID 10980 (started by Crisp in C:\Users\Crisp\Desktop\prArchivos\Proyectos\RegistrarDocumento)
2023-10-05 01:08:49.412 [DEBUG] [main] RegistrarDocumentoApplicationTests - Running with Spring Boot v2.7.16, Spring v5.3.30
2023-10-05 01:08:49.412 [INFO ] [main] RegistrarDocumentoApplicationTests - No active profile set, falling back to 1 default profile: "default"
2023-10-05 01:08:50.833 [INFO ] [main] RegistrarDocumentoApplicationTests - Started RegistrarDocumentoApplicationTests in 1.627 seconds (JVM running for 2.678)
2023-10-05 11:02:51.800 [INFO ] [main] RegistrarDocumentoApplicationTests - Starting RegistrarDocumentoApplicationTests using Java 1.8.0_371 on CRISTIANRIANO with PID 51532 (started by cristian.riano in C:\Users\cristian.riano\Desktop\ProyectoArchivos\v2\RegistrarDocumento)
2023-10-05 11:02:51.807 [DEBUG] [main] RegistrarDocumentoApplicationTests - Running with Spring Boot v2.7.16, Spring v5.3.30
2023-10-05 11:02:51.807 [INFO ] [main] RegistrarDocumentoApplicationTests - No active profile set, falling back to 1 default profile: "default"
2023-10-05 11:02:53.310 [INFO ] [main] RegistrarDocumentoApplicationTests - Started RegistrarDocumentoApplicationTests in 1.715 seconds (JVM running for 2.894)
2023-10-05 14:37:26.609 [INFO ] [main] RegistrarDocumentoApplicationTests - Starting RegistrarDocumentoApplicationTests using Java 1.8.0_371 on CRISTIANRIANO with PID 45152 (started by cristian.riano in C:\Users\cristian.riano\Desktop\ProyectoArchivos\v2\RegistrarDocumento)
2023-10-05 14:37:26.611 [DEBUG] [main] RegistrarDocumentoApplicationTests - Running with Spring Boot v2.7.16, Spring v5.3.30
2023-10-05 14:37:26.612 [INFO ] [main] RegistrarDocumentoApplicationTests - No active profile set, falling back to 1 default profile: "default"
2023-10-05 14:37:27.956 [INFO ] [main] RegistrarDocumentoApplicationTests - Started RegistrarDocumentoApplicationTests in 1.553 seconds (JVM running for 2.607)
2023-10-05 14:39:13.016 [INFO ] [main] RegistrarDocumentoApplicationTests - Starting RegistrarDocumentoApplicationTests using Java 1.8.0_371 on CRISTIANRIANO with PID 56088 (started by cristian.riano in C:\Users\cristian.riano\Desktop\ProyectoArchivos\v2\RegistrarDocumento)
2023-10-05 14:39:13.021 [DEBUG] [main] RegistrarDocumentoApplicationTests - Running with Spring Boot v2.7.16, Spring v5.3.30
2023-10-05 14:39:13.022 [INFO ] [main] RegistrarDocumentoApplicationTests - No active profile set, falling back to 1 default profile: "default"
2023-10-05 14:39:14.203 [INFO ] [main] RegistrarDocumentoApplicationTests - Started RegistrarDocumentoApplicationTests in 1.367 seconds (JVM running for 2.238)
2023-10-05 14:42:13.934 [INFO ] [main] RegistrarDocumentoApplicationTests - Starting RegistrarDocumentoApplicationTests using Java 1.8.0_371 on CRISTIANRIANO with PID 52076 (started by cristian.riano in C:\Users\cristian.riano\Desktop\ProyectoArchivos\v2\RegistrarDocumento)
2023-10-05 14:42:13.942 [DEBUG] [main] RegistrarDocumentoApplicationTests - Running with Spring Boot v2.7.16, Spring v5.3.30
2023-10-05 14:42:13.943 [INFO ] [main] RegistrarDocumentoApplicationTests - No active profile set, falling back to 1 default profile: "default"
2023-10-05 14:42:15.157 [INFO ] [main] RegistrarDocumentoApplicationTests - Started RegistrarDocumentoApplicationTests in 1.426 seconds (JVM running for 2.33)
2023-10-05 14:42:47.641 [INFO ] [main] RegistrarDocumentoApplicationTests - Starting RegistrarDocumentoApplicationTests using Java 1.8.0_371 on CRISTIANRIANO with PID 67020 (started by cristian.riano in C:\Users\cristian.riano\Desktop\ProyectoArchivos\v2\RegistrarDocumento)
2023-10-05 14:42:47.648 [DEBUG] [main] RegistrarDocumentoApplicationTests - Running with Spring Boot v2.7.16, Spring v5.3.30
2023-10-05 14:42:47.649 [INFO ] [main] RegistrarDocumentoApplicationTests - No active profile set, falling back to 1 default profile: "default"
2023-10-05 14:42:48.869 [INFO ] [main] RegistrarDocumentoApplicationTests - Started RegistrarDocumentoApplicationTests in 1.403 seconds (JVM running for 2.268)
2023-10-19 15:25:22.044 [INFO ] [main] RegistrarDocumentoApplication - Starting RegistrarDocumentoApplication using Java 1.8.0_301 on HAROLNOSCUE with PID 44108 (C:\Users\harol.noscue\Documents\Rentas\fase2\RegistrarDocumento\target\classes started by harol.noscue in C:\Users\harol.noscue\Documents\Rentas\fase2\RegistrarDocumento)
2023-10-19 15:25:22.053 [DEBUG] [main] RegistrarDocumentoApplication - Running with Spring Boot v2.7.16, Spring v5.3.30
2023-10-19 15:25:22.054 [INFO ] [main] RegistrarDocumentoApplication - No active profile set, falling back to 1 default profile: "default"
2023-10-19 15:26:17.622 [INFO ] [main] RegistrarDocumentoApplication - Starting RegistrarDocumentoApplication using Java 1.8.0_301 on HAROLNOSCUE with PID 46720 (C:\Users\harol.noscue\Documents\Rentas\fase2\RegistrarDocumento\target\classes started by harol.noscue in C:\Users\harol.noscue\Documents\Rentas\fase2\RegistrarDocumento)
2023-10-19 15:26:17.629 [DEBUG] [main] RegistrarDocumentoApplication - Running with Spring Boot v2.7.16, Spring v5.3.30
2023-10-19 15:26:17.629 [INFO ] [main] RegistrarDocumentoApplication - No active profile set, falling back to 1 default profile: "default"
2023-10-19 15:29:04.237 [INFO ] [main] RegistrarDocumentoApplication - Starting RegistrarDocumentoApplication using Java 1.8.0_301 on HAROLNOSCUE with PID 46428 (C:\Users\harol.noscue\Documents\Rentas\fase2\RegistrarDocumento\target\classes started by harol.noscue in C:\Users\harol.noscue\Documents\Rentas\fase2\RegistrarDocumento)
2023-10-19 15:29:04.243 [DEBUG] [main] RegistrarDocumentoApplication - Running with Spring Boot v2.7.16, Spring v5.3.30
2023-10-19 15:29:04.244 [INFO ] [main] RegistrarDocumentoApplication - No active profile set, falling back to 1 default profile: "default"
2023-10-19 15:33:43.047 [INFO ] [main] RegistrarDocumentoApplication - Starting RegistrarDocumentoApplication using Java 1.8.0_301 on HAROLNOSCUE with PID 42396 (C:\Users\harol.noscue\Documents\Rentas\fase2\RegistrarDocumento\target\classes started by harol.noscue in C:\Users\harol.noscue\Documents\Rentas\fase2\RegistrarDocumento)
2023-10-19 15:33:43.055 [DEBUG] [main] RegistrarDocumentoApplication - Running with Spring Boot v2.7.16, Spring v5.3.30
2023-10-19 15:33:43.056 [INFO ] [main] RegistrarDocumentoApplication - No active profile set, falling back to 1 default profile: "default"
2023-10-19 16:52:13.793 [INFO ] [main] RegistrarDocumentoApplication - Starting RegistrarDocumentoApplication using Java 1.8.0_301 on HAROLNOSCUE with PID 26584 (C:\Users\harol.noscue\Documents\Rentas\fase2\RegistrarDocumento\target\classes started by harol.noscue in C:\Users\harol.noscue\Documents\Rentas\fase2\RegistrarDocumento)
2023-10-19 16:52:13.799 [DEBUG] [main] RegistrarDocumentoApplication - Running with Spring Boot v2.7.16, Spring v5.3.30
2023-10-19 16:52:13.799 [INFO ] [main] RegistrarDocumentoApplication - No active profile set, falling back to 1 default profile: "default"
2023-10-19 16:52:15.334 [INFO ] [main] RegistrarDocumentoApplication - Started RegistrarDocumentoApplication in 1.766 seconds (JVM running for 2.461)
2023-10-19 16:53:27.203 [INFO ] [http-nio-8080-exec-1] RegistroDocController - Solicitud Renta OBP => com.bbva.obp.RegistrarDocumento.wsdl.RegistroDocumentos@518ce90a
2023-10-19 16:53:27.203 [INFO ] [http-nio-8080-exec-1] RegistroDocController - Realizando comunicacion con OBP ...
2023-10-19 16:53:27.711 [INFO ] [http-nio-8080-exec-1] RegistroDocController - Comunicacion exitosa. Respuesta: 55
2023-10-19 16:58:12.148 [INFO ] [http-nio-8080-exec-2] RegistroDocController - Solicitud Renta OBP => com.bbva.obp.RegistrarDocumento.wsdl.RegistroDocumentos@3c864a4a
2023-10-19 16:58:12.148 [INFO ] [http-nio-8080-exec-2] RegistroDocController - Realizando comunicacion con OBP ...
2023-10-19 16:58:12.349 [INFO ] [http-nio-8080-exec-2] RegistroDocController - Comunicacion exitosa. Respuesta: 55
2023-10-19 17:04:07.216 [INFO ] [main] RegistrarDocumentoApplication - Starting RegistrarDocumentoApplication using Java 1.8.0_301 on HAROLNOSCUE with PID 43588 (C:\Users\harol.noscue\Documents\Rentas\fase2\RegistrarDocumento\target\classes started by harol.noscue in C:\Users\harol.noscue\Documents\Rentas\fase2\RegistrarDocumento)
2023-10-19 17:04:07.219 [DEBUG] [main] RegistrarDocumentoApplication - Running with Spring Boot v2.7.16, Spring v5.3.30
2023-10-19 17:04:07.220 [INFO ] [main] RegistrarDocumentoApplication - No active profile set, falling back to 1 default profile: "default"
2023-10-19 17:04:08.482 [INFO ] [main] RegistrarDocumentoApplication - Started RegistrarDocumentoApplication in 1.466 seconds (JVM running for 2.045)
2023-10-19 17:04:22.177 [INFO ] [http-nio-8080-exec-1] RegistroDocController - Solicitud Renta OBP => com.bbva.obp.RegistrarDocumento.wsdl.RegistroDocumentos@53b8f256
2023-10-19 17:04:22.177 [INFO ] [http-nio-8080-exec-1] RegistroDocController - Realizando comunicacion con OBP ...
2023-10-19 17:04:22.520 [INFO ] [http-nio-8080-exec-1] RegistroDocController - Comunicacion exitosa. Respuesta: 55
2023-10-19 17:08:37.995 [INFO ] [main] RegistrarDocumentoApplication - Starting RegistrarDocumentoApplication using Java 1.8.0_301 on HAROLNOSCUE with PID 7280 (C:\Users\harol.noscue\Documents\Rentas\fase2\RegistrarDocumento\target\classes started by harol.noscue in C:\Users\harol.noscue\Documents\Rentas\fase2\RegistrarDocumento)
2023-10-19 17:08:37.999 [DEBUG] [main] RegistrarDocumentoApplication - Running with Spring Boot v2.7.16, Spring v5.3.30
2023-10-19 17:08:38.000 [INFO ] [main] RegistrarDocumentoApplication - No active profile set, falling back to 1 default profile: "default"
2023-10-19 17:08:39.260 [INFO ] [main] RegistrarDocumentoApplication - Started RegistrarDocumentoApplication in 1.451 seconds (JVM running for 2.075)
2023-10-19 17:10:44.658 [INFO ] [http-nio-8080-exec-1] RegistroDocController - Solicitud Renta OBP => com.bbva.obp.RegistrarDocumento.wsdl.RegistroDocumentos@6cad2827
2023-10-19 17:10:44.659 [INFO ] [http-nio-8080-exec-1] RegistroDocController - Realizando comunicacion con OBP ...
2023-10-19 17:10:45.015 [INFO ] [http-nio-8080-exec-1] RegistroDocController - Comunicacion exitosa. Respuesta: 55
2023-10-19 17:14:40.743 [INFO ] [main] RegistrarDocumentoApplication - Starting RegistrarDocumentoApplication using Java 1.8.0_301 on HAROLNOSCUE with PID 32572 (C:\Users\harol.noscue\Documents\Rentas\fase2\RegistrarDocumento\target\classes started by harol.noscue in C:\Users\harol.noscue\Documents\Rentas\fase2\RegistrarDocumento)
2023-10-19 17:14:40.747 [DEBUG] [main] RegistrarDocumentoApplication - Running with Spring Boot v2.7.16, Spring v5.3.30
2023-10-19 17:14:40.748 [INFO ] [main] RegistrarDocumentoApplication - No active profile set, falling back to 1 default profile: "default"
2023-10-19 17:14:42.023 [INFO ] [main] RegistrarDocumentoApplication - Started RegistrarDocumentoApplication in 1.481 seconds (JVM running for 2.083)
2023-10-19 17:14:49.614 [INFO ] [http-nio-8080-exec-4] RegistroDocController - Solicitud Renta OBP => com.bbva.obp.RegistrarDocumento.wsdl.RegistroDocumentos@2e30f4f
2023-10-19 17:14:49.615 [INFO ] [http-nio-8080-exec-4] RegistroDocController - Realizando comunicacion con OBP ...
2023-10-19 17:14:50.054 [INFO ] [http-nio-8080-exec-4] RegistroDocController - Comunicacion exitosa. Respuesta: 55
2023-10-20 08:03:26.786 [INFO ] [main] RegistrarDocumentoApplication - Starting RegistrarDocumentoApplication using Java 1.8.0_301 on HAROLNOSCUE with PID 15796 (C:\Users\harol.noscue\Documents\Rentas\fase2\RegistrarDocumento\target\classes started by harol.noscue in C:\Users\harol.noscue\Documents\Rentas\fase2\RegistrarDocumento)
2023-10-20 08:03:26.794 [DEBUG] [main] RegistrarDocumentoApplication - Running with Spring Boot v2.7.16, Spring v5.3.30
2023-10-20 08:03:26.794 [INFO ] [main] RegistrarDocumentoApplication - No active profile set, falling back to 1 default profile: "default"
2023-10-20 08:03:28.944 [INFO ] [main] RegistrarDocumentoApplication - Started RegistrarDocumentoApplication in 2.522 seconds (JVM running for 3.663)
2023-10-20 08:03:38.594 [INFO ] [http-nio-8080-exec-1] RegistroDocController - Solicitud Renta OBP => com.bbva.obp.RegistrarDocumento.wsdl.RegistroDocumentos@1ae3ed79
2023-10-20 08:03:38.594 [INFO ] [http-nio-8080-exec-1] RegistroDocController - Realizando comunicacion con OBP ...
2023-10-20 08:03:39.997 [INFO ] [http-nio-8080-exec-1] RegistroDocController - Comunicacion exitosa. Respuesta: 55
2023-10-20 08:04:32.300 [INFO ] [main] RegistrarDocumentoApplication - Starting RegistrarDocumentoApplication using Java 1.8.0_301 on HAROLNOSCUE with PID 14020 (C:\Users\harol.noscue\Documents\Rentas\fase2\RegistrarDocumento\target\classes started by harol.noscue in C:\Users\harol.noscue\Documents\Rentas\fase2\RegistrarDocumento)
2023-10-20 08:04:32.307 [DEBUG] [main] RegistrarDocumentoApplication - Running with Spring Boot v2.7.16, Spring v5.3.30
2023-10-20 08:04:32.308 [INFO ] [main] RegistrarDocumentoApplication - No active profile set, falling back to 1 default profile: "default"
2023-10-20 08:04:34.163 [INFO ] [main] RegistrarDocumentoApplication - Started RegistrarDocumentoApplication in 2.076 seconds (JVM running for 3.445)
2023-10-20 08:04:54.083 [INFO ] [http-nio-8080-exec-9] RegistroDocController - Solicitud Renta OBP => com.bbva.obp.RegistrarDocumento.wsdl.RegistroDocumentos@3f39585d
2023-10-20 08:04:54.083 [INFO ] [http-nio-8080-exec-9] RegistroDocController - Realizando comunicacion con OBP ...
2023-10-20 08:04:54.533 [INFO ] [http-nio-8080-exec-9] RegistroDocController - Comunicacion exitosa. Respuesta: 55
2023-10-20 08:12:34.095 [INFO ] [main] RegistrarDocumentoApplication - Starting RegistrarDocumentoApplication using Java 1.8.0_301 on HAROLNOSCUE with PID 40304 (C:\Users\harol.noscue\Documents\Rentas\fase2\RegistrarDocumento\target\classes started by harol.noscue in C:\Users\harol.noscue\Documents\Rentas\fase2\RegistrarDocumento)
2023-10-20 08:12:34.102 [DEBUG] [main] RegistrarDocumentoApplication - Running with Spring Boot v2.7.16, Spring v5.3.30
2023-10-20 08:12:34.102 [INFO ] [main] RegistrarDocumentoApplication - No active profile set, falling back to 1 default profile: "default"
2023-10-20 08:12:35.576 [INFO ] [main] RegistrarDocumentoApplication - Started RegistrarDocumentoApplication in 1.72 seconds (JVM running for 2.549)
2023-10-20 08:12:49.541 [INFO ] [http-nio-8080-exec-9] RegistroDocController - Solicitud Renta OBP => com.bbva.obp.RegistrarDocumento.wsdl.RegistroDocumentos@453324dd
2023-10-20 08:12:49.541 [INFO ] [http-nio-8080-exec-9] RegistroDocController - Realizando comunicacion con OBP ...
2023-10-20 08:12:49.976 [INFO ] [http-nio-8080-exec-9] RegistroDocController - Comunicacion exitosa. Respuesta: 55
2023-10-20 08:18:03.117 [INFO ] [main] RegistrarDocumentoApplication - Starting RegistrarDocumentoApplication using Java 1.8.0_301 on HAROLNOSCUE with PID 12864 (C:\Users\harol.noscue\Documents\Rentas\fase2\RegistrarDocumento\target\classes started by harol.noscue in C:\Users\harol.noscue\Documents\Rentas\fase2\RegistrarDocumento)
2023-10-20 08:18:03.124 [DEBUG] [main] RegistrarDocumentoApplication - Running with Spring Boot v2.7.16, Spring v5.3.30
2023-10-20 08:18:03.124 [INFO ] [main] RegistrarDocumentoApplication - No active profile set, falling back to 1 default profile: "default"
2023-10-20 08:18:04.710 [INFO ] [main] RegistrarDocumentoApplication - Started RegistrarDocumentoApplication in 1.824 seconds (JVM running for 2.524)
2023-10-20 08:18:13.446 [INFO ] [http-nio-8080-exec-2] RegistroDocController - Solicitud Renta OBP => com.bbva.obp.RegistrarDocumento.wsdl.RegistroDocumentos@973619a
2023-10-20 08:18:13.447 [INFO ] [http-nio-8080-exec-2] RegistroDocController - Realizando comunicacion con OBP ...
2023-10-20 08:18:13.847 [INFO ] [http-nio-8080-exec-2] RegistroDocController - Comunicacion exitosa. Respuesta: 55
2023-10-23 11:40:48.806 [INFO ] [main] RegistrarDocumentoApplicationTests - Starting RegistrarDocumentoApplicationTests using Java 1.8.0_301 on HAROLNOSCUE with PID 52540 (started by harol.noscue in C:\Users\harol.noscue\Documents\Rentas\fase2\RegistrarDocumento)
2023-10-23 11:40:48.824 [DEBUG] [main] RegistrarDocumentoApplicationTests - Running with Spring Boot v2.7.16, Spring v5.3.30
2023-10-23 11:40:48.826 [INFO ] [main] RegistrarDocumentoApplicationTests - No active profile set, falling back to 1 default profile: "default"
2023-10-23 11:42:35.059 [INFO ] [main] RegistrarDocumentoApplicationTests - Starting RegistrarDocumentoApplicationTests using Java 1.8.0_301 on HAROLNOSCUE with PID 29572 (started by harol.noscue in C:\Users\harol.noscue\Documents\Rentas\fase2\RegistrarDocumento)
2023-10-23 11:42:35.074 [DEBUG] [main] RegistrarDocumentoApplicationTests - Running with Spring Boot v2.7.16, Spring v5.3.30
2023-10-23 11:42:35.076 [INFO ] [main] RegistrarDocumentoApplicationTests - No active profile set, falling back to 1 default profile: "default"
2023-10-23 11:44:01.658 [INFO ] [main] RegistrarDocumentoApplicationTests - Starting RegistrarDocumentoApplicationTests using Java 1.8.0_301 on HAROLNOSCUE with PID 9940 (started by harol.noscue in C:\Users\harol.noscue\Documents\Rentas\fase2\RegistrarDocumento)
2023-10-23 11:44:01.672 [DEBUG] [main] RegistrarDocumentoApplicationTests - Running with Spring Boot v2.7.16, Spring v5.3.30
2023-10-23 11:44:01.673 [INFO ] [main] RegistrarDocumentoApplicationTests - No active profile set, falling back to 1 default profile: "default"
2023-10-23 11:44:05.807 [INFO ] [main] RegistrarDocumentoApplicationTests - Started RegistrarDocumentoApplicationTests in 4.461 seconds (JVM running for 6.208)
2023-10-23 11:44:26.486 [INFO ] [main] RegistrarDocumentoApplicationTests - Starting RegistrarDocumentoApplicationTests using Java 1.8.0_301 on HAROLNOSCUE with PID 54876 (started by harol.noscue in C:\Users\harol.noscue\Documents\Rentas\fase2\RegistrarDocumento)
2023-10-23 11:44:26.505 [DEBUG] [main] RegistrarDocumentoApplicationTests - Running with Spring Boot v2.7.16, Spring v5.3.30
2023-10-23 11:44:26.506 [INFO ] [main] RegistrarDocumentoApplicationTests - No active profile set, falling back to 1 default profile: "default"
2023-10-23 11:44:30.146 [INFO ] [main] RegistrarDocumentoApplicationTests - Started RegistrarDocumentoApplicationTests in 3.987 seconds (JVM running for 5.809)
2023-10-23 11:44:44.845 [INFO ] [main] RegistrarDocumentoApplicationTests - Starting RegistrarDocumentoApplicationTests using Java 1.8.0_301 on HAROLNOSCUE with PID 45436 (started by harol.noscue in C:\Users\harol.noscue\Documents\Rentas\fase2\RegistrarDocumento)
2023-10-23 11:44:44.859 [DEBUG] [main] RegistrarDocumentoApplicationTests - Running with Spring Boot v2.7.16, Spring v5.3.30
2023-10-23 11:44:44.860 [INFO ] [main] RegistrarDocumentoApplicationTests - No active profile set, falling back to 1 default profile: "default"
2023-10-23 11:44:48.556 [INFO ] [main] RegistrarDocumentoApplicationTests - Started RegistrarDocumentoApplicationTests in 4.0 seconds (JVM running for 5.677)
2023-10-23 11:53:13.765 [INFO ] [main] RegistrarDocumentoApplicationTests - Starting RegistrarDocumentoApplicationTests using Java 1.8.0_301 on HAROLNOSCUE with PID 47080 (started by harol.noscue in C:\Users\harol.noscue\Documents\Rentas\fase2\RegistrarDocumento)
2023-10-23 11:53:13.783 [DEBUG] [main] RegistrarDocumentoApplicationTests - Running with Spring Boot v2.7.16, Spring v5.3.30
2023-10-23 11:53:13.785 [INFO ] [main] RegistrarDocumentoApplicationTests - No active profile set, falling back to 1 default profile: "default"
2023-10-23 11:53:19.554 [INFO ] [main] RegistrarDocumentoApplicationTests - Started RegistrarDocumentoApplicationTests in 6.094 seconds (JVM running for 7.922)
2023-10-23 13:55:58.259 [INFO ] [main] RegistrarDocumentoApplicationTests - Starting RegistrarDocumentoApplicationTests using Java 1.8.0_301 on HAROLNOSCUE with PID 52892 (started by harol.noscue in C:\Users\harol.noscue\Documents\Rentas\fase2\RegistrarDocumento)
2023-10-23 13:55:58.270 [DEBUG] [main] RegistrarDocumentoApplicationTests - Running with Spring Boot v2.7.16, Spring v5.3.30
2023-10-23 13:55:58.271 [INFO ] [main] RegistrarDocumentoApplicationTests - No active profile set, falling back to 1 default profile: "default"
2023-10-23 13:56:53.075 [INFO ] [main] RegistrarDocumentoApplicationTests - Starting RegistrarDocumentoApplicationTests using Java 1.8.0_301 on HAROLNOSCUE with PID 22180 (started by harol.noscue in C:\Users\harol.noscue\Documents\Rentas\fase2\RegistrarDocumento)
2023-10-23 13:56:53.085 [DEBUG] [main] RegistrarDocumentoApplicationTests - Running with Spring Boot v2.7.16, Spring v5.3.30
2023-10-23 13:56:53.086 [INFO ] [main] RegistrarDocumentoApplicationTests - No active profile set, falling back to 1 default profile: "default"
2023-10-23 13:56:57.257 [INFO ] [main] RegistrarDocumentoApplicationTests - Started RegistrarDocumentoApplicationTests in 4.398 seconds (JVM running for 5.526)
